<?xml version="1.0" encoding="UTF-8"?>
<coverage generated="1624499761903" clover="3.2.0">
  <project timestamp="1624499761903" name="All files">
    <metrics statements="53" coveredstatements="48" conditionals="10" coveredconditionals="9" methods="8" coveredmethods="8" elements="71" coveredelements="65" complexity="0" loc="53" ncloc="53" packages="1" files="3" classes="3"/>
    <file name="app.js" path="/Users/mendesfelipe/Projects/Personal/challenge/app.js">
      <metrics statements="26" coveredstatements="23" conditionals="2" coveredconditionals="1" methods="3" coveredmethods="3"/>
      <line num="1" count="1" type="stmt"/>
      <line num="2" count="1" type="stmt"/>
      <line num="3" count="1" type="stmt"/>
      <line num="4" count="1" type="stmt"/>
      <line num="5" count="1" type="stmt"/>
      <line num="7" count="1" type="stmt"/>
      <line num="12" count="1" type="stmt"/>
      <line num="13" count="1" type="stmt"/>
      <line num="14" count="1" type="stmt"/>
      <line num="15" count="1" type="stmt"/>
      <line num="16" count="1" type="stmt"/>
      <line num="19" count="1" type="stmt"/>
      <line num="20" count="1" type="stmt"/>
      <line num="21" count="1" type="stmt"/>
      <line num="23" count="1" type="stmt"/>
      <line num="26" count="1" type="stmt"/>
      <line num="29" count="0" type="stmt"/>
      <line num="34" count="0" type="stmt"/>
      <line num="39" count="1" type="stmt"/>
      <line num="40" count="1" type="stmt"/>
      <line num="42" count="1" type="stmt"/>
      <line num="44" count="1" type="stmt"/>
      <line num="47" count="1" type="stmt"/>
      <line num="50" count="1" type="cond" truecount="1" falsecount="1"/>
      <line num="51" count="0" type="stmt"/>
      <line num="54" count="1" type="stmt"/>
    </file>
    <file name="sqlCommands.js" path="/Users/mendesfelipe/Projects/Personal/challenge/sqlCommands.js">
      <metrics statements="13" coveredstatements="11" conditionals="0" coveredconditionals="0" methods="3" coveredmethods="3"/>
      <line num="1" count="1" type="stmt"/>
      <line num="2" count="1" type="stmt"/>
      <line num="3" count="1" type="stmt"/>
      <line num="7" count="1" type="stmt"/>
      <line num="9" count="1" type="stmt"/>
      <line num="12" count="0" type="stmt"/>
      <line num="17" count="1" type="stmt"/>
      <line num="18" count="1" type="stmt"/>
      <line num="22" count="1" type="stmt"/>
      <line num="26" count="1" type="stmt"/>
      <line num="27" count="1" type="stmt"/>
      <line num="30" count="0" type="stmt"/>
      <line num="34" count="1" type="stmt"/>
    </file>
    <file name="utils.js" path="/Users/mendesfelipe/Projects/Personal/challenge/utils.js">
      <metrics statements="14" coveredstatements="14" conditionals="8" coveredconditionals="8" methods="2" coveredmethods="2"/>
      <line num="2" count="3" type="stmt"/>
      <line num="3" count="3" type="cond" truecount="2" falsecount="0"/>
      <line num="4" count="1" type="stmt"/>
      <line num="10" count="1" type="stmt"/>
      <line num="13" count="2" type="stmt"/>
      <line num="17" count="5" type="stmt"/>
      <line num="19" count="5" type="cond" truecount="2" falsecount="0"/>
      <line num="20" count="1" type="stmt"/>
      <line num="26" count="1" type="stmt"/>
      <line num="29" count="5" type="cond" truecount="4" falsecount="0"/>
      <line num="30" count="2" type="stmt"/>
      <line num="36" count="2" type="stmt"/>
      <line num="39" count="5" type="stmt"/>
      <line num="42" count="2" type="stmt"/>
    </file>
  </project>
</coverage>
