{"/Users/mendesfelipe/Projects/Personal/challenge/app.js": {"path":"/Users/mendesfelipe/Projects/Personal/challenge/app.js","statementMap":{"0":{"start":{"line":1,"column":16},"end":{"line":1,"column":34}},"1":{"start":{"line":2,"column":14},"end":{"line":2,"column":30}},"2":{"start":{"line":3,"column":12},"end":{"line":3,"column":36}},"3":{"start":{"line":4,"column":14},"end":{"line":4,"column":32}},"4":{"start":{"line":5,"column":13},"end":{"line":5,"column":17}},"5":{"start":{"line":7,"column":22},"end":{"line":10,"column":2}},"6":{"start":{"line":12,"column":10},"end":{"line":12,"column":19}},"7":{"start":{"line":13,"column":0},"end":{"line":13,"column":23}},"8":{"start":{"line":14,"column":0},"end":{"line":14,"column":65}},"9":{"start":{"line":14,"column":27},"end":{"line":14,"column":64}},"10":{"start":{"line":15,"column":0},"end":{"line":15,"column":56}},"11":{"start":{"line":16,"column":0},"end":{"line":16,"column":116}},"12":{"start":{"line":19,"column":1},"end":{"line":35,"column":2}},"13":{"start":{"line":20,"column":2},"end":{"line":20,"column":34}},"14":{"start":{"line":21,"column":29},"end":{"line":21,"column":68}},"15":{"start":{"line":23,"column":2},"end":{"line":25,"column":4}},"16":{"start":{"line":26,"column":2},"end":{"line":26,"column":8}},"17":{"start":{"line":29,"column":2},"end":{"line":33,"column":4}},"18":{"start":{"line":34,"column":2},"end":{"line":34,"column":8}},"19":{"start":{"line":39,"column":23},"end":{"line":39,"column":57}},"20":{"start":{"line":40,"column":16},"end":{"line":40,"column":61}},"21":{"start":{"line":42,"column":37},"end":{"line":42,"column":83}},"22":{"start":{"line":44,"column":1},"end":{"line":46,"column":3}},"23":{"start":{"line":47,"column":1},"end":{"line":47,"column":7}},"24":{"start":{"line":50,"column":0},"end":{"line":52,"column":1}},"25":{"start":{"line":51,"column":1},"end":{"line":51,"column":17}},"26":{"start":{"line":54,"column":0},"end":{"line":54,"column":20}}},"fnMap":{"0":{"name":"(anonymous_0)","decl":{"start":{"line":14,"column":13},"end":{"line":14,"column":14}},"loc":{"start":{"line":14,"column":27},"end":{"line":14,"column":64}},"line":14},"1":{"name":"buscarValorMetroQuadrado","decl":{"start":{"line":18,"column":15},"end":{"line":18,"column":39}},"loc":{"start":{"line":18,"column":51},"end":{"line":36,"column":1}},"line":18},"2":{"name":"calcularValorMetroQuadrado","decl":{"start":{"line":38,"column":15},"end":{"line":38,"column":41}},"loc":{"start":{"line":38,"column":52},"end":{"line":48,"column":1}},"line":38}},"branchMap":{"0":{"loc":{"start":{"line":50,"column":0},"end":{"line":52,"column":1}},"type":"if","locations":[{"start":{"line":50,"column":0},"end":{"line":52,"column":1}},{"start":{"line":50,"column":0},"end":{"line":52,"column":1}}],"line":50}},"s":{"0":1,"1":1,"2":1,"3":1,"4":1,"5":1,"6":1,"7":1,"8":1,"9":1,"10":1,"11":1,"12":1,"13":1,"14":1,"15":1,"16":1,"17":0,"18":0,"19":1,"20":1,"21":1,"22":1,"23":1,"24":1,"25":0,"26":1},"f":{"0":1,"1":1,"2":1},"b":{"0":[0,1]},"_coverageSchema":"1a1c01bbd47fc00a2c39e90264f33305004495a9","hash":"b448608629cc0392d29d3a40b7b9956ac13470f6"}
,"/Users/mendesfelipe/Projects/Personal/challenge/sqlCommands.js": {"path":"/Users/mendesfelipe/Projects/Personal/challenge/sqlCommands.js","statementMap":{"0":{"start":{"line":1,"column":12},"end":{"line":1,"column":28}},"1":{"start":{"line":2,"column":16},"end":{"line":2,"column":67}},"2":{"start":{"line":3,"column":13},"end":{"line":3,"column":17}},"3":{"start":{"line":7,"column":2},"end":{"line":13,"column":3}},"4":{"start":{"line":9,"column":4},"end":{"line":9,"column":45}},"5":{"start":{"line":12,"column":4},"end":{"line":12,"column":57}},"6":{"start":{"line":17,"column":29},"end":{"line":17,"column":119}},"7":{"start":{"line":18,"column":2},"end":{"line":18,"column":27}},"8":{"start":{"line":22,"column":2},"end":{"line":31,"column":3}},"9":{"start":{"line":26,"column":4},"end":{"line":26,"column":45}},"10":{"start":{"line":27,"column":4},"end":{"line":27,"column":12}},"11":{"start":{"line":30,"column":4},"end":{"line":30,"column":15}},"12":{"start":{"line":34,"column":0},"end":{"line":37,"column":1}}},"fnMap":{"0":{"name":"conectarBancoDeDados","decl":{"start":{"line":5,"column":15},"end":{"line":5,"column":35}},"loc":{"start":{"line":5,"column":38},"end":{"line":14,"column":1}},"line":5},"1":{"name":"pesquisarValorMetroQuadrado","decl":{"start":{"line":16,"column":15},"end":{"line":16,"column":42}},"loc":{"start":{"line":16,"column":45},"end":{"line":19,"column":1}},"line":16},"2":{"name":"execSQLQuery","decl":{"start":{"line":21,"column":15},"end":{"line":21,"column":27}},"loc":{"start":{"line":21,"column":36},"end":{"line":32,"column":1}},"line":21}},"branchMap":{},"s":{"0":1,"1":1,"2":1,"3":1,"4":1,"5":0,"6":1,"7":1,"8":1,"9":1,"10":1,"11":0,"12":1},"f":{"0":1,"1":1,"2":1},"b":{},"_coverageSchema":"1a1c01bbd47fc00a2c39e90264f33305004495a9","hash":"0a194c1bd958cc7d4e89e350ac5b230408f4abb6"}
,"/Users/mendesfelipe/Projects/Personal/challenge/utils.js": {"path":"/Users/mendesfelipe/Projects/Personal/challenge/utils.js","statementMap":{"0":{"start":{"line":2,"column":20},"end":{"line":2,"column":46}},"1":{"start":{"line":3,"column":2},"end":{"line":11,"column":3}},"2":{"start":{"line":4,"column":4},"end":{"line":9,"column":6}},"3":{"start":{"line":10,"column":4},"end":{"line":10,"column":10}},"4":{"start":{"line":13,"column":2},"end":{"line":13,"column":8}},"5":{"start":{"line":17,"column":24},"end":{"line":17,"column":58}},"6":{"start":{"line":19,"column":2},"end":{"line":27,"column":3}},"7":{"start":{"line":20,"column":4},"end":{"line":24,"column":6}},"8":{"start":{"line":26,"column":4},"end":{"line":26,"column":13}},"9":{"start":{"line":29,"column":2},"end":{"line":37,"column":3}},"10":{"start":{"line":30,"column":4},"end":{"line":34,"column":6}},"11":{"start":{"line":36,"column":4},"end":{"line":36,"column":13}},"12":{"start":{"line":39,"column":2},"end":{"line":39,"column":8}},"13":{"start":{"line":42,"column":0},"end":{"line":45,"column":1}}},"fnMap":{"0":{"name":"validaContentTypeBody","decl":{"start":{"line":1,"column":9},"end":{"line":1,"column":30}},"loc":{"start":{"line":1,"column":47},"end":{"line":14,"column":1}},"line":1},"1":{"name":"validaCampos","decl":{"start":{"line":16,"column":9},"end":{"line":16,"column":21}},"loc":{"start":{"line":16,"column":38},"end":{"line":40,"column":1}},"line":16}},"branchMap":{"0":{"loc":{"start":{"line":3,"column":2},"end":{"line":11,"column":3}},"type":"if","locations":[{"start":{"line":3,"column":2},"end":{"line":11,"column":3}},{"start":{"line":3,"column":2},"end":{"line":11,"column":3}}],"line":3},"1":{"loc":{"start":{"line":19,"column":2},"end":{"line":27,"column":3}},"type":"if","locations":[{"start":{"line":19,"column":2},"end":{"line":27,"column":3}},{"start":{"line":19,"column":2},"end":{"line":27,"column":3}}],"line":19},"2":{"loc":{"start":{"line":29,"column":2},"end":{"line":37,"column":3}},"type":"if","locations":[{"start":{"line":29,"column":2},"end":{"line":37,"column":3}},{"start":{"line":29,"column":2},"end":{"line":37,"column":3}}],"line":29},"3":{"loc":{"start":{"line":29,"column":6},"end":{"line":29,"column":49}},"type":"binary-expr","locations":[{"start":{"line":29,"column":6},"end":{"line":29,"column":24}},{"start":{"line":29,"column":28},"end":{"line":29,"column":49}}],"line":29}},"s":{"0":3,"1":3,"2":1,"3":1,"4":2,"5":5,"6":5,"7":1,"8":1,"9":5,"10":2,"11":2,"12":5,"13":2},"f":{"0":3,"1":5},"b":{"0":[1,2],"1":[1,4],"2":[2,3],"3":[5,4]},"_coverageSchema":"1a1c01bbd47fc00a2c39e90264f33305004495a9","hash":"4439ac88b4c1cfefa547d5b554ebb997725472cb"}
}
