TN:
SF:app.js
FN:14,(anonymous_0)
FN:18,buscarValorMetroQuadrado
FN:38,calcularValorMetroQuadrado
FNF:3
FNH:3
FNDA:1,(anonymous_0)
FNDA:1,buscarValorMetroQuadrado
FNDA:1,calcularValorMetroQuadrado
DA:1,1
DA:2,1
DA:3,1
DA:4,1
DA:5,1
DA:7,1
DA:12,1
DA:13,1
DA:14,1
DA:15,1
DA:16,1
DA:19,1
DA:20,1
DA:21,1
DA:23,1
DA:26,1
DA:29,0
DA:34,0
DA:39,1
DA:40,1
DA:42,1
DA:44,1
DA:47,1
DA:50,1
DA:51,0
DA:54,1
LF:26
LH:23
BRDA:50,0,0,0
BRDA:50,0,1,1
BRF:2
BRH:1
end_of_record
TN:
SF:sqlCommands.js
FN:5,conectarBancoDeDados
FN:16,pesquisarValorMetroQuadrado
FN:21,execSQLQuery
FNF:3
FNH:3
FNDA:1,conectarBancoDeDados
FNDA:1,pesquisarValorMetroQuadrado
FNDA:1,execSQLQuery
DA:1,1
DA:2,1
DA:3,1
DA:7,1
DA:9,1
DA:12,0
DA:17,1
DA:18,1
DA:22,1
DA:26,1
DA:27,1
DA:30,0
DA:34,1
LF:13
LH:11
BRF:0
BRH:0
end_of_record
TN:
SF:utils.js
FN:1,validaContentTypeBody
FN:16,validaCampos
FNF:2
FNH:2
FNDA:3,validaContentTypeBody
FNDA:5,validaCampos
DA:2,3
DA:3,3
DA:4,1
DA:10,1
DA:13,2
DA:17,5
DA:19,5
DA:20,1
DA:26,1
DA:29,5
DA:30,2
DA:36,2
DA:39,5
DA:42,2
LF:14
LH:14
BRDA:3,0,0,1
BRDA:3,0,1,2
BRDA:19,1,0,1
BRDA:19,1,1,4
BRDA:29,2,0,2
BRDA:29,2,1,3
BRDA:29,3,0,5
BRDA:29,3,1,4
BRF:8
BRH:8
end_of_record
